<?xml version="1.0" encoding="UTF-8"?>
<!-- Generated by org.testng.reporters.JUnitReportReporter -->
<testsuite hostname="LAPTOP-HGJU6DES" failures="0" tests="1" name="uiautomation.testcase_initiator" time="19.032" errors="0" timestamp="2022-08-05T17:16:23 IST" skipped="0">
  <testcase classname="uiautomation.testcase_initiator" name="first_tc" time="19.032"/>
  <system-out/>
</testsuite> <!-- uiautomation.testcase_initiator -->
