<?xml version="1.0" encoding="UTF-8"?>
<!-- Generated by org.testng.reporters.JUnitReportReporter -->
<testsuite hostname="DESKTOP-9IIIE01" failures="0" tests="1" name="uiautomation.testcase_initiator" time="194.019" errors="0" timestamp="2022-05-11T17:56:41 IST" skipped="0">
  <testcase classname="uiautomation.testcase_initiator" name="first_tc" time="194.019"/>
  <system-out/>
</testsuite> <!-- uiautomation.testcase_initiator -->
