<?xml version="1.0" encoding="UTF-8"?>
<!-- Generated by org.testng.reporters.JUnitReportReporter -->
<testsuite hostname="DESKTOP-9IIIE01" failures="0" tests="1" name="uiautomation.login_page" time="0.081" errors="0" timestamp="2022-05-08T13:54:49 IST" skipped="0">
  <testcase classname="uiautomation.login_page" name="loginToApplication" time="0.081"/>
  <system-out/>
</testsuite> <!-- uiautomation.login_page -->
